[0.751s] Invoking command in '/home/dev/irSensor/build/ir_sen': PYTHONPATH=/home/dev/irSensor/build/ir_sen/prefix_override:/home/dev/irSensor/install/ir_sen/lib/python3.10/site-packages:${PYTHONPATH} /usr/bin/python3 -W ignore:setup.py install is deprecated setup.py develop --editable --build-directory /home/dev/irSensor/build/ir_sen/build --no-deps symlink_data
[1.066s] running develop
[1.067s] /usr/lib/python3/dist-packages/setuptools/command/easy_install.py:158: EasyInstallDeprecationWarning: easy_install command is deprecated. Use build and pip and other standards-based tools.
[1.067s]   warnings.warn(
[1.289s] running egg_info
[1.289s] writing ir_sen.egg-info/PKG-INFO
[1.290s] writing dependency_links to ir_sen.egg-info/dependency_links.txt
[1.290s] writing entry points to ir_sen.egg-info/entry_points.txt
[1.290s] writing requirements to ir_sen.egg-info/requires.txt
[1.290s] writing top-level names to ir_sen.egg-info/top_level.txt
[1.292s] reading manifest file 'ir_sen.egg-info/SOURCES.txt'
[1.293s] writing manifest file 'ir_sen.egg-info/SOURCES.txt'
[1.294s] running build_ext
[1.294s] Creating /home/dev/irSensor/install/ir_sen/lib/python3.10/site-packages/ir-sen.egg-link (link to .)
[1.295s] Installing listener script to /home/dev/irSensor/install/ir_sen/lib/ir_sen
[1.295s] Installing talker script to /home/dev/irSensor/install/ir_sen/lib/ir_sen
[1.296s] 
[1.296s] Installed /home/dev/irSensor/build/ir_sen
[1.296s] running symlink_data
[1.339s] Invoked command in '/home/dev/irSensor/build/ir_sen' returned '0': PYTHONPATH=/home/dev/irSensor/build/ir_sen/prefix_override:/home/dev/irSensor/install/ir_sen/lib/python3.10/site-packages:${PYTHONPATH} /usr/bin/python3 -W ignore:setup.py install is deprecated setup.py develop --editable --build-directory /home/dev/irSensor/build/ir_sen/build --no-deps symlink_data
