[0.703s] Invoking command in '/home/dev/irSensor/build/ir_sen': PYTHONPATH=/home/dev/irSensor/build/ir_sen/prefix_override:/home/dev/irSensor/install/ir_sen/lib/python3.10/site-packages:${PYTHONPATH} /usr/bin/python3 -W ignore:setup.py install is deprecated setup.py develop --editable --build-directory /home/dev/irSensor/build/ir_sen/build --no-deps symlink_data
[1.010s] running develop
[1.010s] /usr/lib/python3/dist-packages/setuptools/command/easy_install.py:158: EasyInstallDeprecationWarning: easy_install command is deprecated. Use build and pip and other standards-based tools.
[1.010s]   warnings.warn(
[1.228s] running egg_info
[1.228s] writing ir_sen.egg-info/PKG-INFO
[1.229s] writing dependency_links to ir_sen.egg-info/dependency_links.txt
[1.229s] writing entry points to ir_sen.egg-info/entry_points.txt
[1.229s] writing requirements to ir_sen.egg-info/requires.txt
[1.229s] writing top-level names to ir_sen.egg-info/top_level.txt
[1.231s] reading manifest file 'ir_sen.egg-info/SOURCES.txt'
[1.232s] writing manifest file 'ir_sen.egg-info/SOURCES.txt'
[1.234s] running build_ext
[1.234s] Creating /home/dev/irSensor/install/ir_sen/lib/python3.10/site-packages/ir-sen.egg-link (link to .)
[1.235s] Installing listener script to /home/dev/irSensor/install/ir_sen/lib/ir_sen
[1.235s] Installing talker script to /home/dev/irSensor/install/ir_sen/lib/ir_sen
[1.235s] 
[1.236s] Installed /home/dev/irSensor/build/ir_sen
[1.236s] running symlink_data
[1.262s] Invoked command in '/home/dev/irSensor/build/ir_sen' returned '0': PYTHONPATH=/home/dev/irSensor/build/ir_sen/prefix_override:/home/dev/irSensor/install/ir_sen/lib/python3.10/site-packages:${PYTHONPATH} /usr/bin/python3 -W ignore:setup.py install is deprecated setup.py develop --editable --build-directory /home/dev/irSensor/build/ir_sen/build --no-deps symlink_data
