[0.179s] DEBUG:colcon:Command line arguments: ['/usr/bin/colcon', 'build', '--symlink-install']
[0.179s] DEBUG:colcon:Parsed command line arguments: Namespace(log_base=None, log_level=None, verb_name='build', build_base='build', install_base='install', merge_install=False, symlink_install=True, test_result_base=None, continue_on_error=False, executor='parallel', parallel_workers=8, event_handlers=None, ignore_user_meta=False, metas=['./colcon.meta'], base_paths=['.'], packages_ignore=None, packages_ignore_regex=None, paths=None, packages_up_to=None, packages_up_to_regex=None, packages_above=None, packages_above_and_dependencies=None, packages_above_depth=None, packages_select_by_dep=None, packages_skip_by_dep=None, packages_skip_up_to=None, packages_select_build_failed=False, packages_skip_build_finished=False, packages_select_test_failures=False, packages_skip_test_passed=False, packages_select=None, packages_skip=None, packages_select_regex=None, packages_skip_regex=None, packages_start=None, packages_end=None, allow_overriding=[], cmake_args=None, cmake_target=None, cmake_target_skip_unavailable=False, cmake_clean_cache=False, cmake_clean_first=False, cmake_force_configure=False, ament_cmake_args=None, catkin_cmake_args=None, catkin_skip_building_tests=False, verb_parser=<colcon_defaults.argument_parser.defaults.DefaultArgumentsDecorator object at 0x7dd1fdf5da80>, verb_extension=<colcon_core.verb.build.BuildVerb object at 0x7dd1fe0cafe0>, main=<bound method BuildVerb.main of <colcon_core.verb.build.BuildVerb object at 0x7dd1fe0cafe0>>)
[0.516s] Level 1:colcon.colcon_core.package_discovery:discover_packages(colcon_meta) check parameters
[0.516s] Level 1:colcon.colcon_core.package_discovery:discover_packages(recursive) check parameters
[0.516s] Level 1:colcon.colcon_core.package_discovery:discover_packages(ignore) check parameters
[0.516s] Level 1:colcon.colcon_core.package_discovery:discover_packages(path) check parameters
[0.516s] Level 1:colcon.colcon_core.package_discovery:discover_packages(colcon_meta) discover
[0.516s] Level 1:colcon.colcon_core.package_discovery:discover_packages(recursive) discover
[0.516s] INFO:colcon.colcon_core.package_discovery:Crawling recursively for packages in '/home/dev/irSensor'
[0.516s] Level 1:colcon.colcon_core.package_identification:_identify(.) by extensions ['ignore', 'ignore_ament_install']
[0.516s] Level 1:colcon.colcon_core.package_identification:_identify(.) by extension 'ignore'
[0.516s] Level 1:colcon.colcon_core.package_identification:_identify(.) by extension 'ignore_ament_install'
[0.516s] Level 1:colcon.colcon_core.package_identification:_identify(.) by extensions ['colcon_pkg']
[0.517s] Level 1:colcon.colcon_core.package_identification:_identify(.) by extension 'colcon_pkg'
[0.517s] Level 1:colcon.colcon_core.package_identification:_identify(.) by extensions ['colcon_meta']
[0.517s] Level 1:colcon.colcon_core.package_identification:_identify(.) by extension 'colcon_meta'
[0.517s] Level 1:colcon.colcon_core.package_identification:_identify(.) by extensions ['ros']
[0.517s] Level 1:colcon.colcon_core.package_identification:_identify(.) by extension 'ros'
[0.533s] DEBUG:colcon.colcon_core.package_identification:Package '.' with type 'ros.ament_python' and name 'ir_sen'
[0.533s] Level 1:colcon.colcon_core.package_discovery:discover_packages(recursive) using defaults
[0.533s] Level 1:colcon.colcon_core.package_discovery:discover_packages(ignore) discover
[0.533s] Level 1:colcon.colcon_core.package_discovery:discover_packages(ignore) using defaults
[0.533s] Level 1:colcon.colcon_core.package_discovery:discover_packages(path) discover
[0.533s] Level 1:colcon.colcon_core.package_discovery:discover_packages(path) using defaults
[0.575s] Level 1:colcon.colcon_core.package_discovery:discover_packages(prefix_path) check parameters
[0.575s] Level 1:colcon.colcon_core.package_discovery:discover_packages(prefix_path) discover
[0.580s] DEBUG:colcon.colcon_installed_package_information.package_discovery:Found 352 installed packages in /opt/ros/humble
[0.582s] Level 1:colcon.colcon_core.package_discovery:discover_packages(prefix_path) using defaults
[0.635s] Level 5:colcon.colcon_core.verb:set package 'ir_sen' build argument 'cmake_args' from command line to 'None'
[0.635s] Level 5:colcon.colcon_core.verb:set package 'ir_sen' build argument 'cmake_target' from command line to 'None'
[0.635s] Level 5:colcon.colcon_core.verb:set package 'ir_sen' build argument 'cmake_target_skip_unavailable' from command line to 'False'
[0.635s] Level 5:colcon.colcon_core.verb:set package 'ir_sen' build argument 'cmake_clean_cache' from command line to 'False'
[0.635s] Level 5:colcon.colcon_core.verb:set package 'ir_sen' build argument 'cmake_clean_first' from command line to 'False'
[0.635s] Level 5:colcon.colcon_core.verb:set package 'ir_sen' build argument 'cmake_force_configure' from command line to 'False'
[0.635s] Level 5:colcon.colcon_core.verb:set package 'ir_sen' build argument 'ament_cmake_args' from command line to 'None'
[0.635s] Level 5:colcon.colcon_core.verb:set package 'ir_sen' build argument 'catkin_cmake_args' from command line to 'None'
[0.635s] Level 5:colcon.colcon_core.verb:set package 'ir_sen' build argument 'catkin_skip_building_tests' from command line to 'False'
[0.635s] DEBUG:colcon.colcon_core.verb:Building package 'ir_sen' with the following arguments: {'ament_cmake_args': None, 'build_base': '/home/dev/irSensor/build/ir_sen', 'catkin_cmake_args': None, 'catkin_skip_building_tests': False, 'cmake_args': None, 'cmake_clean_cache': False, 'cmake_clean_first': False, 'cmake_force_configure': False, 'cmake_target': None, 'cmake_target_skip_unavailable': False, 'install_base': '/home/dev/irSensor/install/ir_sen', 'merge_install': False, 'path': '/home/dev/irSensor', 'symlink_install': True, 'test_result_base': None}
[0.636s] INFO:colcon.colcon_core.executor:Executing jobs using 'parallel' executor
[0.637s] DEBUG:colcon.colcon_parallel_executor.executor.parallel:run_until_complete
[0.637s] INFO:colcon.colcon_ros.task.ament_python.build:Building ROS package in '/home/dev/irSensor' with build type 'ament_python'
[0.637s] Level 1:colcon.colcon_core.shell:create_environment_hook('ir_sen', 'ament_prefix_path')
[0.642s] INFO:colcon.colcon_core.plugin_system:Skipping extension 'colcon_core.shell.bat': Not used on non-Windows systems
[0.642s] INFO:colcon.colcon_core.shell:Creating environment hook '/home/dev/irSensor/install/ir_sen/share/ir_sen/hook/ament_prefix_path.ps1'
[0.643s] INFO:colcon.colcon_core.shell:Creating environment descriptor '/home/dev/irSensor/install/ir_sen/share/ir_sen/hook/ament_prefix_path.dsv'
[0.644s] INFO:colcon.colcon_core.shell:Creating environment hook '/home/dev/irSensor/install/ir_sen/share/ir_sen/hook/ament_prefix_path.sh'
[0.645s] INFO:colcon.colcon_core.shell:Skip shell extension 'powershell' for command environment: Not usable outside of PowerShell
[0.645s] DEBUG:colcon.colcon_core.shell:Skip shell extension 'dsv' for command environment
[0.969s] INFO:colcon.colcon_core.task.python.build:Building Python package in '/home/dev/irSensor'
[0.969s] INFO:colcon.colcon_core.shell:Skip shell extension 'powershell' for command environment: Not usable outside of PowerShell
[0.969s] DEBUG:colcon.colcon_core.shell:Skip shell extension 'dsv' for command environment
[1.466s] DEBUG:colcon.colcon_core.event_handler.log_command:Invoking command in '/home/dev/irSensor/build/ir_sen': PYTHONPATH=/home/dev/irSensor/build/ir_sen/prefix_override:/home/dev/irSensor/install/ir_sen/lib/python3.10/site-packages:${PYTHONPATH} /usr/bin/python3 -W ignore:setup.py install is deprecated setup.py develop --editable --build-directory /home/dev/irSensor/build/ir_sen/build --no-deps symlink_data
[2.052s] Level 1:colcon.colcon_core.shell:create_environment_hook('ir_sen', 'pythonpath_develop')
[2.053s] INFO:colcon.colcon_core.shell:Creating environment hook '/home/dev/irSensor/build/ir_sen/share/ir_sen/hook/pythonpath_develop.ps1'
[2.054s] DEBUG:colcon.colcon_core.event_handler.log_command:Invoked command in '/home/dev/irSensor/build/ir_sen' returned '0': PYTHONPATH=/home/dev/irSensor/build/ir_sen/prefix_override:/home/dev/irSensor/install/ir_sen/lib/python3.10/site-packages:${PYTHONPATH} /usr/bin/python3 -W ignore:setup.py install is deprecated setup.py develop --editable --build-directory /home/dev/irSensor/build/ir_sen/build --no-deps symlink_data
[2.054s] INFO:colcon.colcon_core.shell:Creating environment descriptor '/home/dev/irSensor/build/ir_sen/share/ir_sen/hook/pythonpath_develop.dsv'
[2.055s] INFO:colcon.colcon_core.shell:Creating environment hook '/home/dev/irSensor/build/ir_sen/share/ir_sen/hook/pythonpath_develop.sh'
[2.061s] Level 1:colcon.colcon_core.environment:checking '/home/dev/irSensor/install/ir_sen' for CMake module files
[2.062s] Level 1:colcon.colcon_core.environment:checking '/home/dev/irSensor/install/ir_sen' for CMake config files
[2.063s] Level 1:colcon.colcon_core.environment:checking '/home/dev/irSensor/install/ir_sen/lib'
[2.063s] Level 1:colcon.colcon_core.environment:checking '/home/dev/irSensor/install/ir_sen/bin'
[2.063s] Level 1:colcon.colcon_core.environment:checking '/home/dev/irSensor/install/ir_sen/lib/pkgconfig/ir_sen.pc'
[2.064s] Level 1:colcon.colcon_core.environment:checking '/home/dev/irSensor/install/ir_sen/lib/python3.10/site-packages'
[2.064s] Level 1:colcon.colcon_core.shell:create_environment_hook('ir_sen', 'pythonpath')
[2.064s] INFO:colcon.colcon_core.shell:Creating environment hook '/home/dev/irSensor/install/ir_sen/share/ir_sen/hook/pythonpath.ps1'
[2.064s] INFO:colcon.colcon_core.shell:Creating environment descriptor '/home/dev/irSensor/install/ir_sen/share/ir_sen/hook/pythonpath.dsv'
[2.065s] INFO:colcon.colcon_core.shell:Creating environment hook '/home/dev/irSensor/install/ir_sen/share/ir_sen/hook/pythonpath.sh'
[2.065s] Level 1:colcon.colcon_core.environment:checking '/home/dev/irSensor/install/ir_sen/bin'
[2.066s] Level 1:colcon.colcon_core.environment:create_environment_scripts_only(ir_sen)
[2.066s] INFO:colcon.colcon_core.shell:Creating package script '/home/dev/irSensor/install/ir_sen/share/ir_sen/package.ps1'
[2.067s] INFO:colcon.colcon_core.shell:Creating package descriptor '/home/dev/irSensor/install/ir_sen/share/ir_sen/package.dsv'
[2.068s] INFO:colcon.colcon_core.shell:Creating package script '/home/dev/irSensor/install/ir_sen/share/ir_sen/package.sh'
[2.069s] INFO:colcon.colcon_core.shell:Creating package script '/home/dev/irSensor/install/ir_sen/share/ir_sen/package.bash'
[2.070s] INFO:colcon.colcon_core.shell:Creating package script '/home/dev/irSensor/install/ir_sen/share/ir_sen/package.zsh'
[2.071s] Level 1:colcon.colcon_core.environment:create_file_with_runtime_dependencies(/home/dev/irSensor/install/ir_sen/share/colcon-core/packages/ir_sen)
[2.071s] DEBUG:colcon.colcon_parallel_executor.executor.parallel:closing loop
[2.072s] DEBUG:colcon.colcon_parallel_executor.executor.parallel:loop closed
[2.072s] DEBUG:colcon.colcon_parallel_executor.executor.parallel:run_until_complete finished with '0'
[2.072s] DEBUG:colcon.colcon_core.event_reactor:joining thread
[2.080s] INFO:colcon.colcon_core.plugin_system:Skipping extension 'colcon_notification.desktop_notification.terminal_notifier': Not used on non-Darwin systems
[2.080s] INFO:colcon.colcon_core.plugin_system:Skipping extension 'colcon_notification.desktop_notification.win32': Not used on non-Windows systems
[2.080s] INFO:colcon.colcon_notification.desktop_notification:Sending desktop notification using 'notify2'
[2.086s] DEBUG:colcon.colcon_core.event_reactor:joined thread
[2.086s] INFO:colcon.colcon_core.shell:Creating prefix script '/home/dev/irSensor/install/local_setup.ps1'
[2.087s] INFO:colcon.colcon_core.shell:Creating prefix util module '/home/dev/irSensor/install/_local_setup_util_ps1.py'
[2.089s] INFO:colcon.colcon_core.shell:Creating prefix chain script '/home/dev/irSensor/install/setup.ps1'
[2.090s] INFO:colcon.colcon_core.shell:Creating prefix script '/home/dev/irSensor/install/local_setup.sh'
[2.091s] INFO:colcon.colcon_core.shell:Creating prefix util module '/home/dev/irSensor/install/_local_setup_util_sh.py'
[2.092s] INFO:colcon.colcon_core.shell:Creating prefix chain script '/home/dev/irSensor/install/setup.sh'
[2.093s] INFO:colcon.colcon_core.shell:Creating prefix script '/home/dev/irSensor/install/local_setup.bash'
[2.093s] INFO:colcon.colcon_core.shell:Creating prefix chain script '/home/dev/irSensor/install/setup.bash'
[2.094s] INFO:colcon.colcon_core.shell:Creating prefix script '/home/dev/irSensor/install/local_setup.zsh'
[2.095s] INFO:colcon.colcon_core.shell:Creating prefix chain script '/home/dev/irSensor/install/setup.zsh'
